<?xml version="1.0" encoding="UTF-8"?>
<!-- Generated by org.testng.reporters.JUnitReportReporter -->
<testsuite skipped="0" hostname="amit" name="tests.LoginTests" tests="1" failures="0" timestamp="05 Oct 2018 03:11:22 GMT" time="41.825" errors="0">
  <testcase name="invalidLoginTest_InvalidUserNameInvalidPassword" time="41.825" classname="tests.LoginTests"/>
</testsuite> <!-- tests.LoginTests -->
