<?xml version="1.0" encoding="UTF-8"?>
<!-- Generated by org.testng.reporters.JUnitReportReporter -->
<testsuite skipped="0" hostname="amit" name="tests.LoginTests" tests="2" failures="0" timestamp="30 Sep 2018 06:32:03 GMT" time="42.200" errors="0">
  <testcase name="invalidLoginTest_InvalidUserNameInvalidPassword" time="33.135" classname="tests.LoginTests"/>
  <testcase name="invalidLoginTest_EmptyUserEmptyPassword" time="9.065" classname="tests.LoginTests"/>
</testsuite> <!-- tests.LoginTests -->
