<?xml version="1.0" encoding="UTF-8"?>
<!-- Generated by org.testng.reporters.JUnitReportReporter -->
<testsuite skipped="0" hostname="amit" name="TestRunner.TestExecution" tests="1" failures="0" timestamp="07 Oct 2018 03:55:59 GMT" time="77.994" errors="0">
  <testcase name="feature" time="77.994" classname="TestRunner.TestExecution"/>
</testsuite> <!-- TestRunner.TestExecution -->
