<?xml version="1.0" encoding="UTF-8"?>
<!-- Generated by org.testng.reporters.JUnitReportReporter -->
<testsuite name="runner.RunTest" tests="1" time="0.000" ignored="0" failures="0" timestamp="06 Oct 2018 18:38:14 GMT" skipped="1" hostname="amit" errors="0">
  <testcase name="feature" time="0.000" classname="runner.RunTest">
    <skipped/>
  </testcase> <!-- feature -->
</testsuite> <!-- runner.RunTest -->
